<?xml version="1.0" encoding="UTF-8"?>
<!-- Generated by org.testng.reporters.JUnitReportReporter -->
<testsuite hostname="IN-70MYP72" name="testcases.walletHubPageWithReportTest" tests="1" failures="0" timestamp="18 Nov 2018 16:58:40 GMT" time="351.355" errors="0">
  <testcase name="walletHubPageTest" time="351.355" classname="testcases.walletHubPageWithReportTest"/>
</testsuite> <!-- testcases.walletHubPageWithReportTest -->
