<?xml version="1.0" encoding="UTF-8"?>
<!-- Generated by org.testng.reporters.JUnitReportReporter -->
<testsuite hostname="IN-70MYP72" name="testcases.VerifyHomePage" tests="1" failures="0" timestamp="14 Nov 2018 19:35:07 GMT" time="5.599" errors="0">
  <testcase name="testHomePage" time="5.599" classname="testcases.VerifyHomePage"/>
</testsuite> <!-- testcases.VerifyHomePage -->
