<?xml version="1.0" encoding="UTF-8"?>
<!-- Generated by org.testng.reporters.JUnitReportReporter -->
<testsuite hostname="IN-70MYP72" name="testcases.facebookLoginAndPostStatusTest" tests="1" failures="0" timestamp="18 Nov 2018 16:48:44 GMT" time="75.523" errors="0">
  <testcase name="faceBookLoginAndPostTest" time="75.523" classname="testcases.facebookLoginAndPostStatusTest"/>
</testsuite> <!-- testcases.facebookLoginAndPostStatusTest -->
