<?xml version="1.0" encoding="UTF-8"?>
<!-- Generated by org.testng.reporters.JUnitReportReporter -->
<testsuite hostname="IN-70MYP72" name="testcases.VerifyLoginPageWithReport1" tests="1" failures="0" timestamp="14 Nov 2018 20:00:37 GMT" time="24.192" errors="0">
  <testcase name="testHomePage" time="24.192" classname="testcases.VerifyLoginPageWithReport1"/>
</testsuite> <!-- testcases.VerifyLoginPageWithReport1 -->
